\BOOKMARK [1][-]{section.1}{\376\377\000V\000i\000s\000i\000\363\000n\000\040\000G\000e\000n\000e\000r\000a\000l}{}% 1
\BOOKMARK [1][-]{section.2}{\376\377\000M\000\363\000d\000u\000l\000o\000\040\000A\000p\000p\000\040\040\024\000\040\000E\000l\000\040\000H\000u\000b}{}% 2
\BOOKMARK [2][-]{subsection.2.1}{\376\377\000S\000p\000l\000a\000s\000h\000\040\000S\000c\000r\000e\000e\000n\000\040\000y\000\040\000L\000o\000g\000i\000n}{section.2}% 3
\BOOKMARK [2][-]{subsection.2.2}{\376\377\000S\000e\000s\000s\000i\000o\000n\000M\000a\000n\000a\000g\000e\000r}{section.2}% 4
\BOOKMARK [2][-]{subsection.2.3}{\376\377\000H\000u\000b\000\040\000P\000r\000i\000n\000c\000i\000p\000a\000l\000\040\000\050\000M\000a\000i\000n\000A\000c\000t\000i\000v\000i\000t\000y\000\051}{section.2}% 5
\BOOKMARK [2][-]{subsection.2.4}{\376\377\000P\000e\000r\000f\000i\000l\000\040\000d\000e\000\040\000U\000s\000u\000a\000r\000i\000o}{section.2}% 6
\BOOKMARK [2][-]{subsection.2.5}{\376\377\000D\000e\000s\000a\000f\000\355\000o\000s}{section.2}% 7
\BOOKMARK [2][-]{subsection.2.6}{\376\377\000P\000u\000n\000t\000u\000a\000c\000i\000o\000n\000e\000s\000\040\000\050\000L\000e\000a\000d\000e\000r\000b\000o\000a\000r\000d\000\051}{section.2}% 8
\BOOKMARK [3][-]{subsubsection.2.6.1}{\376\377\000H\000i\000s\000t\000o\000r\000i\000a\000l\000\040\000d\000e\000\040\000P\000u\000n\000t\000u\000a\000c\000i\000o\000n\000e\000s\000\040\000\050\000S\000c\000o\000r\000e\000s\000L\000i\000s\000t\000A\000c\000t\000i\000v\000i\000t\000y\000\051}{subsection.2.6}% 9
\BOOKMARK [1][-]{section.3}{\376\377\000M\000\363\000d\000u\000l\000o\000\040\000K\000a\000i\000s\000e\000n\000\040\000C\000l\000i\000c\000k\000e\000r}{}% 10
\BOOKMARK [2][-]{subsection.3.1}{\376\377\000A\000c\000t\000i\000v\000i\000t\000y\000\040\000P\000r\000i\000n\000c\000i\000p\000a\000l}{section.3}% 11
\BOOKMARK [2][-]{subsection.3.2}{\376\377\000C\000o\000m\000b\000a\000t\000e\000\040\000\050\000C\000a\000m\000p\000a\000i\000g\000n\000F\000r\000a\000g\000m\000e\000n\000t\000\051}{section.3}% 12
\BOOKMARK [2][-]{subsection.3.3}{\376\377\000T\000i\000e\000n\000d\000a\000\040\000\050\000S\000h\000o\000p\000F\000r\000a\000g\000m\000e\000n\000t\000\051}{section.3}% 13
\BOOKMARK [2][-]{subsection.3.4}{\376\377\000C\000o\000f\000r\000e\000s\000\040\000\050\000C\000h\000e\000s\000t\000F\000r\000a\000g\000m\000e\000n\000t\000\051}{section.3}% 14
\BOOKMARK [2][-]{subsection.3.5}{\376\377\000I\000n\000v\000e\000n\000t\000a\000r\000i\000o\000\040\000\050\000C\000h\000a\000r\000a\000c\000t\000e\000r\000I\000n\000v\000e\000n\000t\000o\000r\000y\000F\000r\000a\000g\000m\000e\000n\000t\000\051}{section.3}% 15
\BOOKMARK [2][-]{subsection.3.6}{\376\377\000S\000i\000s\000t\000e\000m\000a\000\040\000d\000e\000\040\000G\000I\000F\000s\000\040\000A\000n\000i\000m\000a\000d\000o\000s}{section.3}% 16
\BOOKMARK [3][-]{subsubsection.3.6.1}{\376\377\000C\000\363\000m\000o\000\040\000f\000u\000n\000c\000i\000o\000n\000a}{subsection.3.6}% 17
\BOOKMARK [3][-]{subsubsection.3.6.2}{\376\377\000L\000o\000s\000\040\0004\000\040\000G\000I\000F\000s\000\040\000y\000\040\000c\000u\000\341\000n\000d\000o\000\040\000s\000e\000\040\000u\000s\000a\000n}{subsection.3.6}% 18
\BOOKMARK [3][-]{subsubsection.3.6.3}{\376\377\000Q\000u\000\351\000\040\000p\000a\000s\000a\000\040\000d\000e\000s\000p\000u\000\351\000s\000\040\000d\000e\000\040\000c\000a\000d\000a\000\040\000G\000I\000F}{subsection.3.6}% 19
\BOOKMARK [3][-]{subsubsection.3.6.4}{\376\377\000D\000e\000p\000e\000n\000d\000e\000n\000c\000i\000a\000\040\000G\000l\000i\000d\000e}{subsection.3.6}% 20
\BOOKMARK [1][-]{section.4}{\376\377\000B\000a\000s\000e\000\040\000d\000e\000\040\000D\000a\000t\000o\000s}{}% 21
\BOOKMARK [2][-]{subsection.4.1}{\376\377\000U\000b\000i\000c\000a\000c\000i\000\363\000n\000\040\000d\000e\000l\000\040\000c\000\363\000d\000i\000g\000o}{section.4}% 22
\BOOKMARK [2][-]{subsection.4.2}{\376\377\000U\000b\000i\000c\000a\000c\000i\000\363\000n\000\040\000d\000e\000\040\000l\000o\000s\000\040\000f\000i\000c\000h\000e\000r\000o\000s\000\040\000e\000n\000\040\000e\000l\000\040\000d\000i\000s\000p\000o\000s\000i\000t\000i\000v\000o}{section.4}% 23
\BOOKMARK [2][-]{subsection.4.3}{\376\377\000T\000a\000b\000l\000a\000s\000\040\000d\000e\000\040\000l\000a\000\040\000b\000a\000s\000e\000\040\000d\000e\000\040\000d\000a\000t\000o\000s}{section.4}% 24
\BOOKMARK [3][-]{subsubsection.4.3.1}{\376\377\0001\000.\000\040\000T\000a\000b\000l\000a\000\040\000u\000s\000e\000r\000s}{subsection.4.3}% 25
\BOOKMARK [3][-]{subsubsection.4.3.2}{\376\377\0002\000.\000\040\000T\000a\000b\000l\000a\000\040\000k\000v\000\137\000s\000t\000o\000r\000e\000\040\000\050\000c\000l\000a\000v\000e\000-\000v\000a\000l\000o\000r\000\040\000g\000e\000n\000\351\000r\000i\000c\000o\000\051}{subsection.4.3}% 26
\BOOKMARK [3][-]{subsubsection.4.3.3}{\376\377\0003\000.\000\040\000T\000a\000b\000l\000a\000\040\000c\000h\000a\000r\000a\000c\000t\000e\000r\000s}{subsection.4.3}% 27
\BOOKMARK [3][-]{subsubsection.4.3.4}{\376\377\0004\000.\000\040\000T\000a\000b\000l\000a\000\040\000u\000p\000g\000r\000a\000d\000e\000s}{subsection.4.3}% 28
\BOOKMARK [3][-]{subsubsection.4.3.5}{\376\377\0005\000.\000\040\000T\000a\000b\000l\000a\000\040\000s\000k\000i\000l\000l\000s}{subsection.4.3}% 29
\BOOKMARK [3][-]{subsubsection.4.3.6}{\376\377\0006\000.\000\040\000T\000a\000b\000l\000a\000\040\000e\000n\000e\000m\000i\000e\000s}{subsection.4.3}% 30
\BOOKMARK [3][-]{subsubsection.4.3.7}{\376\377\0007\000.\000\040\000T\000a\000b\000l\000a\000\040\000s\000c\000o\000r\000e\000s\000\040\000\050\000p\000u\000n\000t\000u\000a\000c\000i\000o\000n\000e\000s\000\040\000d\000e\000\040\000T\000O\000D\000O\000S\000\040\000l\000o\000s\000\040\000j\000u\000e\000g\000o\000s\000\051}{subsection.4.3}% 31
\BOOKMARK [2][-]{subsection.4.4}{\376\377\000S\000q\000l\000R\000e\000p\000o\000s\000i\000t\000o\000r\000y\000\040\040\024\000\040\000O\000p\000e\000r\000a\000c\000i\000o\000n\000e\000s\000\040\000p\000r\000i\000n\000c\000i\000p\000a\000l\000e\000s}{section.4}% 32
\BOOKMARK [2][-]{subsection.4.5}{\376\377\000G\000a\000m\000e\000D\000a\000t\000a\000M\000a\000n\000a\000g\000e\000r\000\040\040\024\000\040\000D\000o\000b\000l\000e\000\040\000e\000s\000c\000r\000i\000t\000u\000r\000a}{section.4}% 33
\BOOKMARK [2][-]{subsection.4.6}{\376\377\000U\000s\000e\000r\000R\000e\000p\000o\000s\000i\000t\000o\000r\000y\000\040\040\024\000\040\000A\000u\000t\000e\000n\000t\000i\000c\000a\000c\000i\000\363\000n}{section.4}% 34
\BOOKMARK [1][-]{section.5}{\376\377\000M\000\363\000d\000u\000l\000o\000\040\0002\0000\0004\0008\000\040\000\050\000r\000e\000s\000u\000m\000e\000n\000\051}{}% 35
\BOOKMARK [1][-]{section.6}{\376\377\000R\000e\000s\000u\000m\000e\000n\000\040\000d\000e\000\040\000t\000e\000c\000n\000o\000l\000o\000g\000\355\000a\000s}{}% 36
